 Network security-analysis_security-network  Creating
 Network security-analysis_security-network  Created
 Container security-mysql  Creating
 Container security-elasticsearch  Creating
 Container security-flink-jobmanager  Creating
 Container security-zookeeper  Creating
 Container security-clickhouse  Creating
 Container security-redis  Creating
 Container security-neo4j  Creating
 Container security-flink-jobmanager  Created
 Container security-flink-taskmanager  Creating
 Container security-mysql  Created
 Container security-redis  Created
 Container security-zookeeper  Created
 Container security-kafka  Creating
 Container security-neo4j  Created
 Container security-clickhouse  Created
 Container security-elasticsearch  Created
 Container security-kibana  Creating
 Container security-kibana  Created
 Container security-flink-taskmanager  Created
 Container security-kafka  Created
 Container security-kafka-ui  Creating
 Container security-kafka-ui  Created
 Container security-flink-jobmanager  Starting
 Container security-elasticsearch  Starting
 Container security-clickhouse  Starting
 Container security-redis  Starting
 Container security-zookeeper  Starting
 Container security-neo4j  Starting
 Container security-mysql  Starting
 Container security-flink-jobmanager  Started
 Container security-flink-taskmanager  Starting
 Container security-elasticsearch  Started
 Container security-kibana  Starting
 Container security-neo4j  Started
 Container security-mysql  Started
 Container security-zookeeper  Started
 Container security-kafka  Starting
 Container security-redis  Started
 Container security-clickhouse  Started
 Container security-flink-taskmanager  Started
 Container security-kibana  Started
 Container security-kafka  Started
 Container security-kafka-ui  Starting
 Container security-kafka-ui  Started
