Requirement already satisfied: fastapi>=0.104.0 in ./venv/lib/python3.12/site-packages (from -r requirements.txt (line 4)) (0.116.1)
Requirement already satisfied: uvicorn>=0.24.0 in ./venv/lib/python3.12/site-packages (from uvicorn[standard]>=0.24.0->-r requirements.txt (line 5)) (0.35.0)
Requirement already satisfied: pydantic>=2.5.0 in ./venv/lib/python3.12/site-packages (from -r requirements.txt (line 6)) (2.11.7)
Requirement already satisfied: asyncio-mqtt>=0.11.0 in ./venv/lib/python3.12/site-packages (from -r requirements.txt (line 9)) (0.16.2)
Requirement already satisfied: aiofiles>=23.2.0 in ./venv/lib/python3.12/site-packages (from -r requirements.txt (line 10)) (24.1.0)
Requirement already satisfied: aioredis>=2.0.0 in ./venv/lib/python3.12/site-packages (from -r requirements.txt (line 11)) (2.0.1)
Requirement already satisfied: pandas>=2.1.0 in ./venv/lib/python3.12/site-packages (from -r requirements.txt (line 14)) (2.3.1)
Requirement already satisfied: numpy>=1.24.0 in ./venv/lib/python3.12/site-packages (from -r requirements.txt (line 15)) (2.3.2)
Requirement already satisfied: networkx>=3.2.0 in ./venv/lib/python3.12/site-packages (from -r requirements.txt (line 18)) (3.5)
Requirement already satisfied: neo4j>=5.14.0 in ./venv/lib/python3.12/site-packages (from -r requirements.txt (line 21)) (5.28.2)
Requirement already satisfied: clickhouse-driver>=0.2.0 in ./venv/lib/python3.12/site-packages (from -r requirements.txt (line 22)) (0.2.9)
Requirement already satisfied: pymongo>=4.6.0 in ./venv/lib/python3.12/site-packages (from -r requirements.txt (line 23)) (4.14.0)
Requirement already satisfied: asyncpg>=0.29.0 in ./venv/lib/python3.12/site-packages (from -r requirements.txt (line 24)) (0.30.0)
Requirement already satisfied: kafka-python>=2.0.0 in ./venv/lib/python3.12/site-packages (from -r requirements.txt (line 27)) (2.2.15)
Requirement already satisfied: aiokafka>=0.10.0 in ./venv/lib/python3.12/site-packages (from -r requirements.txt (line 28)) (0.12.0)
Requirement already satisfied: cryptography>=41.0.0 in ./venv/lib/python3.12/site-packages (from -r requirements.txt (line 31)) (45.0.6)
Requirement already satisfied: bcrypt>=4.1.0 in ./venv/lib/python3.12/site-packages (from -r requirements.txt (line 32)) (4.3.0)
Requirement already satisfied: httpx>=0.25.0 in ./venv/lib/python3.12/site-packages (from -r requirements.txt (line 35)) (0.28.1)
Requirement already satisfied: aiohttp>=3.9.0 in ./venv/lib/python3.12/site-packages (from -r requirements.txt (line 36)) (3.12.15)
Requirement already satisfied: regex>=2023.10.0 in ./venv/lib/python3.12/site-packages (from -r requirements.txt (line 39)) (2025.7.34)
Requirement already satisfied: python-dotenv>=1.0.0 in ./venv/lib/python3.12/site-packages (from -r requirements.txt (line 42)) (1.1.1)
Requirement already satisfied: pyyaml>=6.0.0 in ./venv/lib/python3.12/site-packages (from -r requirements.txt (line 43)) (6.0.2)
Requirement already satisfied: structlog>=23.2.0 in ./venv/lib/python3.12/site-packages (from -r requirements.txt (line 46)) (25.4.0)
Requirement already satisfied: pytest>=7.4.0 in ./venv/lib/python3.12/site-packages (from -r requirements.txt (line 49)) (8.4.1)
Requirement already satisfied: pytest-asyncio>=0.21.0 in ./venv/lib/python3.12/site-packages (from -r requirements.txt (line 50)) (1.1.0)
Requirement already satisfied: pytest-cov>=4.1.0 in ./venv/lib/python3.12/site-packages (from -r requirements.txt (line 51)) (6.2.1)
Requirement already satisfied: pytest-html>=4.1.0 in ./venv/lib/python3.12/site-packages (from -r requirements.txt (line 52)) (4.1.1)
Requirement already satisfied: psutil>=5.9.0 in ./venv/lib/python3.12/site-packages (from -r requirements.txt (line 53)) (5.9.5)
Requirement already satisfied: black>=23.11.0 in ./venv/lib/python3.12/site-packages (from -r requirements.txt (line 56)) (25.1.0)
Requirement already satisfied: flake8>=6.1.0 in ./venv/lib/python3.12/site-packages (from -r requirements.txt (line 57)) (7.3.0)
Requirement already satisfied: mypy>=1.7.0 in ./venv/lib/python3.12/site-packages (from -r requirements.txt (line 58)) (1.17.1)
Requirement already satisfied: starlette<0.48.0,>=0.40.0 in ./venv/lib/python3.12/site-packages (from fastapi>=0.104.0->-r requirements.txt (line 4)) (0.47.2)
Requirement already satisfied: typing-extensions>=4.8.0 in ./venv/lib/python3.12/site-packages (from fastapi>=0.104.0->-r requirements.txt (line 4)) (4.14.1)
Requirement already satisfied: click>=7.0 in ./venv/lib/python3.12/site-packages (from uvicorn>=0.24.0->uvicorn[standard]>=0.24.0->-r requirements.txt (line 5)) (8.2.1)
Requirement already satisfied: h11>=0.8 in ./venv/lib/python3.12/site-packages (from uvicorn>=0.24.0->uvicorn[standard]>=0.24.0->-r requirements.txt (line 5)) (0.16.0)
Requirement already satisfied: annotated-types>=0.6.0 in ./venv/lib/python3.12/site-packages (from pydantic>=2.5.0->-r requirements.txt (line 6)) (0.7.0)
Requirement already satisfied: pydantic-core==2.33.2 in ./venv/lib/python3.12/site-packages (from pydantic>=2.5.0->-r requirements.txt (line 6)) (2.33.2)
Requirement already satisfied: typing-inspection>=0.4.0 in ./venv/lib/python3.12/site-packages (from pydantic>=2.5.0->-r requirements.txt (line 6)) (0.4.1)
Requirement already satisfied: paho-mqtt>=1.6.0 in ./venv/lib/python3.12/site-packages (from asyncio-mqtt>=0.11.0->-r requirements.txt (line 9)) (2.1.0)
Requirement already satisfied: async-timeout in ./venv/lib/python3.12/site-packages (from aioredis>=2.0.0->-r requirements.txt (line 11)) (5.0.1)
Requirement already satisfied: python-dateutil>=2.8.2 in ./venv/lib/python3.12/site-packages (from pandas>=2.1.0->-r requirements.txt (line 14)) (2.9.0.post0)
Requirement already satisfied: pytz>=2020.1 in ./venv/lib/python3.12/site-packages (from pandas>=2.1.0->-r requirements.txt (line 14)) (2025.2)
Requirement already satisfied: tzdata>=2022.7 in ./venv/lib/python3.12/site-packages (from pandas>=2.1.0->-r requirements.txt (line 14)) (2025.2)
Requirement already satisfied: tzlocal in ./venv/lib/python3.12/site-packages (from clickhouse-driver>=0.2.0->-r requirements.txt (line 22)) (5.3.1)
Requirement already satisfied: dnspython<3.0.0,>=1.16.0 in ./venv/lib/python3.12/site-packages (from pymongo>=4.6.0->-r requirements.txt (line 23)) (2.7.0)
Requirement already satisfied: packaging in ./venv/lib/python3.12/site-packages (from aiokafka>=0.10.0->-r requirements.txt (line 28)) (25.0)
Requirement already satisfied: cffi>=1.14 in ./venv/lib/python3.12/site-packages (from cryptography>=41.0.0->-r requirements.txt (line 31)) (1.17.1)
Requirement already satisfied: anyio in ./venv/lib/python3.12/site-packages (from httpx>=0.25.0->-r requirements.txt (line 35)) (4.10.0)
Requirement already satisfied: certifi in ./venv/lib/python3.12/site-packages (from httpx>=0.25.0->-r requirements.txt (line 35)) (2025.8.3)
Requirement already satisfied: httpcore==1.* in ./venv/lib/python3.12/site-packages (from httpx>=0.25.0->-r requirements.txt (line 35)) (1.0.9)
Requirement already satisfied: idna in ./venv/lib/python3.12/site-packages (from httpx>=0.25.0->-r requirements.txt (line 35)) (3.10)
Requirement already satisfied: aiohappyeyeballs>=2.5.0 in ./venv/lib/python3.12/site-packages (from aiohttp>=3.9.0->-r requirements.txt (line 36)) (2.6.1)
Requirement already satisfied: aiosignal>=1.4.0 in ./venv/lib/python3.12/site-packages (from aiohttp>=3.9.0->-r requirements.txt (line 36)) (1.4.0)
Requirement already satisfied: attrs>=17.3.0 in ./venv/lib/python3.12/site-packages (from aiohttp>=3.9.0->-r requirements.txt (line 36)) (25.3.0)
Requirement already satisfied: frozenlist>=1.1.1 in ./venv/lib/python3.12/site-packages (from aiohttp>=3.9.0->-r requirements.txt (line 36)) (1.7.0)
Requirement already satisfied: multidict<7.0,>=4.5 in ./venv/lib/python3.12/site-packages (from aiohttp>=3.9.0->-r requirements.txt (line 36)) (6.6.3)
Requirement already satisfied: propcache>=0.2.0 in ./venv/lib/python3.12/site-packages (from aiohttp>=3.9.0->-r requirements.txt (line 36)) (0.3.2)
Requirement already satisfied: yarl<2.0,>=1.17.0 in ./venv/lib/python3.12/site-packages (from aiohttp>=3.9.0->-r requirements.txt (line 36)) (1.20.1)
Requirement already satisfied: iniconfig>=1 in ./venv/lib/python3.12/site-packages (from pytest>=7.4.0->-r requirements.txt (line 49)) (2.1.0)
Requirement already satisfied: pluggy<2,>=1.5 in ./venv/lib/python3.12/site-packages (from pytest>=7.4.0->-r requirements.txt (line 49)) (1.6.0)
Requirement already satisfied: pygments>=2.7.2 in ./venv/lib/python3.12/site-packages (from pytest>=7.4.0->-r requirements.txt (line 49)) (2.19.2)
Requirement already satisfied: coverage>=7.5 in ./venv/lib/python3.12/site-packages (from coverage[toml]>=7.5->pytest-cov>=4.1.0->-r requirements.txt (line 51)) (7.10.2)
Requirement already satisfied: jinja2>=3.0.0 in ./venv/lib/python3.12/site-packages (from pytest-html>=4.1.0->-r requirements.txt (line 52)) (3.1.6)
Requirement already satisfied: pytest-metadata>=2.0.0 in ./venv/lib/python3.12/site-packages (from pytest-html>=4.1.0->-r requirements.txt (line 52)) (3.1.1)
Requirement already satisfied: mypy-extensions>=0.4.3 in ./venv/lib/python3.12/site-packages (from black>=23.11.0->-r requirements.txt (line 56)) (1.1.0)
Requirement already satisfied: pathspec>=0.9.0 in ./venv/lib/python3.12/site-packages (from black>=23.11.0->-r requirements.txt (line 56)) (0.12.1)
Requirement already satisfied: platformdirs>=2 in ./venv/lib/python3.12/site-packages (from black>=23.11.0->-r requirements.txt (line 56)) (4.3.8)
Requirement already satisfied: mccabe<0.8.0,>=0.7.0 in ./venv/lib/python3.12/site-packages (from flake8>=6.1.0->-r requirements.txt (line 57)) (0.7.0)
Requirement already satisfied: pycodestyle<2.15.0,>=2.14.0 in ./venv/lib/python3.12/site-packages (from flake8>=6.1.0->-r requirements.txt (line 57)) (2.14.0)
Requirement already satisfied: pyflakes<3.5.0,>=3.4.0 in ./venv/lib/python3.12/site-packages (from flake8>=6.1.0->-r requirements.txt (line 57)) (3.4.0)
Requirement already satisfied: httptools>=0.6.3 in ./venv/lib/python3.12/site-packages (from uvicorn[standard]>=0.24.0->-r requirements.txt (line 5)) (0.6.4)
Requirement already satisfied: uvloop>=0.15.1 in ./venv/lib/python3.12/site-packages (from uvicorn[standard]>=0.24.0->-r requirements.txt (line 5)) (0.21.0)
Requirement already satisfied: watchfiles>=0.13 in ./venv/lib/python3.12/site-packages (from uvicorn[standard]>=0.24.0->-r requirements.txt (line 5)) (1.1.0)
Requirement already satisfied: websockets>=10.4 in ./venv/lib/python3.12/site-packages (from uvicorn[standard]>=0.24.0->-r requirements.txt (line 5)) (15.0.1)
Requirement already satisfied: pycparser in ./venv/lib/python3.12/site-packages (from cffi>=1.14->cryptography>=41.0.0->-r requirements.txt (line 31)) (2.22)
Requirement already satisfied: MarkupSafe>=2.0 in ./venv/lib/python3.12/site-packages (from jinja2>=3.0.0->pytest-html>=4.1.0->-r requirements.txt (line 52)) (3.0.2)
Requirement already satisfied: six>=1.5 in ./venv/lib/python3.12/site-packages (from python-dateutil>=2.8.2->pandas>=2.1.0->-r requirements.txt (line 14)) (1.17.0)
Requirement already satisfied: sniffio>=1.1 in ./venv/lib/python3.12/site-packages (from anyio->httpx>=0.25.0->-r requirements.txt (line 35)) (1.3.1)
