[2025-07-30 17:06:54] [INFO] 操作系统: macOS
[2025-07-30 17:06:54] [INFO] Docker已安装: 28.2.2
[2025-07-30 17:06:54] [INFO] Docker服务运行正常
[2025-07-30 17:06:54] [INFO] Docker Compose已安装: v2.36.2
[2025-07-30 17:06:54] [INFO] Python3已安装: 3.12.4
[2025-07-30 17:06:54] [INFO] pip已安装
[2025-07-30 17:06:54] [INFO] curl 已安装
[2025-07-30 17:06:54] [INFO] jq 已安装
[2025-07-30 17:06:54] [INFO] lsof 已安装
[2025-07-30 17:06:54] [INFO] ps 已安装
[2025-07-30 17:06:54] [WARN] 系统内存: 0GB (建议至少8GB)
[2025-07-30 17:06:54] [WARN] 可用内存: 0GB (建议至少4GB)
[2025-07-30 17:06:54] [INFO] 可用磁盘空间: 2.7TiGB
[2025-07-30 17:06:55] [WARN] 已占用端口: 8000 5601 7474 8123 9200 6379 3306 9092 2181
[2025-07-30 17:06:55] [INFO] 将尝试停止冲突进程...
[2025-07-30 17:06:55] [INFO] 停止端口 8000 上的进程 (PID: 4484)
[2025-07-30 17:06:55] [INFO] 停止端口 5601 上的进程 (PID: 6191)
[2025-07-30 17:06:55] [INFO] 停止端口 6379 上的进程 (PID: 6787)
[2025-07-30 17:06:55] [INFO] 停止端口 3306 上的进程 (PID: 7087)
[2025-07-30 17:06:57] [WARN] 未在虚拟环境中运行
[2025-07-30 17:06:57] [INFO] 建议创建虚拟环境: python3 -m venv venv && source venv/bin/activate
[2025-07-30 17:06:57] [INFO] 安装Python依赖...
[2025-07-30 17:07:11] [INFO] Python依赖安装完成
[2025-07-30 17:07:11] [INFO] 环境配置完成
[2025-07-30 17:07:11] [INFO] 拉取Docker镜像...
[2025-07-30 17:07:12] [INFO] 启动Docker Compose服务...
[2025-07-30 17:07:12] [ERROR] Docker服务启动失败，查看 /Users/brunogao/work/tools/security-platform/logs/docker_up.log
[2025-07-30 17:07:12] [ERROR] 基础设施启动失败
[2025-07-30 17:07:12] [INFO] 清理临时文件...
