[2025-08-02 19:18:43] [INFO] 操作系统: macOS
[2025-08-02 19:18:43] [INFO] Docker已安装: 28.2.2
[2025-08-02 19:18:43] [INFO] Docker服务运行正常
[2025-08-02 19:18:43] [INFO] Docker Compose已安装: v2.36.2
[2025-08-02 19:18:43] [INFO] Python3已安装: 3.12.4
[2025-08-02 19:18:43] [INFO] pip已安装
[2025-08-02 19:18:43] [INFO] curl 已安装
[2025-08-02 19:18:43] [INFO] jq 已安装
[2025-08-02 19:18:43] [INFO] lsof 已安装
[2025-08-02 19:18:43] [INFO] ps 已安装
[2025-08-02 19:18:43] [INFO] 系统内存: 192GB
[2025-08-02 19:18:43] [INFO] 可用内存: 36GB
[2025-08-02 19:18:43] [INFO] 可用磁盘空间: 2.6TiGB
[2025-08-02 19:18:43] [WARN] 已占用端口: 6379 3306
[2025-08-02 19:18:43] [INFO] 将尝试停止冲突进程...
[2025-08-02 19:18:43] [INFO] 停止端口 6379 上的进程 (PID: 12529
12985)
[2025-08-02 19:18:43] [INFO] 停止端口 3306 上的进程 (PID: 12985)
[2025-08-02 19:18:45] [WARN] 未在虚拟环境中运行
[2025-08-02 19:18:45] [INFO] 建议创建虚拟环境: python3 -m venv venv && source venv/bin/activate
[2025-08-02 19:18:45] [INFO] 安装Python依赖...
[2025-08-02 19:18:46] [INFO] Python依赖安装完成
[2025-08-02 19:18:46] [INFO] 环境配置完成
[2025-08-02 19:18:46] [INFO] 拉取Docker镜像...
[2025-08-02 19:18:46] [INFO] 启动Docker Compose服务...
[2025-08-02 19:18:46] [ERROR] Docker服务启动失败，查看 /Users/brunogao/work/tools/security-platform/logs/docker_up.log
[2025-08-02 19:18:46] [ERROR] 基础设施启动失败
[2025-08-02 19:18:46] [INFO] 清理临时文件...
