[2025-08-05 19:50:11] [INFO] 开始全量启动安全告警分析系统...
[2025-08-05 19:50:11] [INFO] 启动完整安全分析系统...
[2025-08-05 19:50:11] [INFO] 操作系统: macOS
[2025-08-05 19:50:11] [INFO] Docker已安装: 28.2.2
[2025-08-05 19:50:12] [INFO] Docker服务运行正常
[2025-08-05 19:50:12] [INFO] Docker Compose已安装: v2.36.2
[2025-08-05 19:50:12] [INFO] Python3已安装: 3.13.5
[2025-08-05 19:50:12] [INFO] pip已安装
[2025-08-05 19:50:12] [INFO] curl 已安装
[2025-08-05 19:50:12] [INFO] jq 已安装
[2025-08-05 19:50:12] [INFO] lsof 已安装
[2025-08-05 19:50:12] [INFO] ps 已安装
[2025-08-05 19:50:12] [INFO] 文件检查: docker-compose.yml 存在
[2025-08-05 19:50:12] [INFO] 文件检查: src/apis/security_api.py 存在
[2025-08-05 19:50:12] [INFO] 文件检查: requirements.txt 存在
[2025-08-05 19:50:12] [WARN] 系统内存: 0GB (建议至少8GB)
[2025-08-05 19:50:12] [WARN] 可用内存: 0GB (建议至少4GB)
[2025-08-05 19:50:12] [INFO] 可用磁盘空间: 2.6TiGB
[2025-08-05 19:50:12] [WARN] 已占用端口: 6379 3306 5115
[2025-08-05 19:50:12] [INFO] 将尝试停止冲突进程...
[2025-08-05 19:50:12] [INFO] 停止端口 6379 上的进程 (PID: 12529
13602)
[2025-08-05 19:50:12] [INFO] 停止端口 3306 上的进程 (PID: 13602
75058)
[2025-08-05 19:50:12] [INFO] 停止端口 5115 上的进程 (PID: 7545
12389)
[2025-08-05 19:50:14] [WARN] 未在虚拟环境中运行
[2025-08-05 19:50:14] [INFO] 建议创建虚拟环境: python3 -m venv venv && source venv/bin/activate
[2025-08-05 19:54:15] [INFO] 清理临时文件...
