[2025-08-09 12:36:47] [INFO] 开始全量启动安全告警分析系统...
[2025-08-09 12:36:47] [INFO] 启动完整安全分析系统...
[2025-08-09 12:36:47] [INFO] 操作系统: Linux
[2025-08-09 12:36:47] [INFO] Docker已安装: 28.3.3
[2025-08-09 12:36:47] [INFO] Docker服务运行正常
[2025-08-09 12:36:47] [INFO] Docker Compose已安装: v2.39.2
[2025-08-09 12:36:47] [INFO] Python3已安装: 3.12.3
[2025-08-09 12:36:47] [INFO] pip已安装
[2025-08-09 12:36:47] [INFO] curl 已安装
[2025-08-09 12:36:47] [INFO] jq 已安装
[2025-08-09 12:36:47] [INFO] lsof 已安装
[2025-08-09 12:36:47] [INFO] ps 已安装
[2025-08-09 12:36:47] [INFO] 文件检查: docker-compose.yml 存在
[2025-08-09 12:36:47] [INFO] 文件检查: src/apis/security_api.py 存在
[2025-08-09 12:36:47] [INFO] 文件检查: requirements.txt 存在
[2025-08-09 12:36:47] [WARN] 系统内存: 7GB (建议至少8GB)
[2025-08-09 12:36:48] [WARN] 可用内存: 2GB (建议至少4GB)
[2025-08-09 12:36:48] [WARN] 可用磁盘空间: 32GB (建议至少50GB)
[2025-08-09 12:36:49] [WARN] 已占用端口: 5601 7474 8123 9200 6379 9092 2181 5115
[2025-08-09 12:36:49] [INFO] 检查端口占用进程...
[2025-08-09 12:36:49] [INFO] 端口 5601 被用户进程占用，可以终止
[2025-08-09 12:36:49] [INFO] 端口 7474 被用户进程占用，可以终止
[2025-08-09 12:36:49] [INFO] 端口 8123 被用户进程占用，可以终止
[2025-08-09 12:36:49] [INFO] 端口 9200 被用户进程占用，可以终止
[2025-08-09 12:36:49] [INFO] 端口 6379 被用户进程占用，可以终止
[2025-08-09 12:36:49] [INFO] 端口 9092 被用户进程占用，可以终止
[2025-08-09 12:36:50] [INFO] 端口 2181 被用户进程占用，可以终止
[2025-08-09 12:36:50] [INFO] 端口 5115 被用户进程占用，可以终止
[2025-08-09 12:36:50] [INFO] 停止端口 5601 上的进程 docker-proxy (PID: 124265)
[2025-08-09 12:36:51] [INFO] 停止端口 5601 上的进程 docker-proxy (PID: 124273)
[2025-08-09 12:36:52] [INFO] 停止端口 7474 上的进程 docker-proxy (PID: 123510)
[2025-08-09 12:36:53] [INFO] 停止端口 7474 上的进程 docker-proxy (PID: 123519)
[2025-08-09 12:36:54] [INFO] 停止端口 8123 上的进程 docker-proxy (PID: 123608)
[2025-08-09 12:36:55] [INFO] 停止端口 8123 上的进程 docker-proxy (PID: 123615)
[2025-08-09 12:36:56] [INFO] 停止端口 9200 上的进程 docker-proxy (PID: 123755)
[2025-08-09 12:36:57] [INFO] 停止端口 9200 上的进程 docker-proxy (PID: 123766)
[2025-08-09 12:36:59] [INFO] 停止端口 6379 上的进程 redis-server (PID: 56186)
[2025-08-09 12:37:00] [INFO] 停止端口 9092 上的进程 prometheus (PID: 96472)
[2025-08-09 12:37:01] [INFO] 停止端口 9092 上的进程 outline-ss-serv (PID: 96504)
[2025-08-09 12:37:02] [INFO] 停止端口 2181 上的进程 docker-proxy (PID: 123560)
[2025-08-09 12:37:03] [INFO] 停止端口 2181 上的进程 docker-proxy (PID: 123567)
[2025-08-09 12:37:04] [INFO] 停止端口 5115 上的进程 python3 (PID: 129635)
