[2025-08-12 16:37:10] [INFO] 开始全量启动安全告警分析系统...
[2025-08-12 16:37:10] [INFO] 启动完整安全分析系统...
[2025-08-12 16:37:10] [INFO] 操作系统: Linux
[2025-08-12 16:37:10] [INFO] Docker已安装: 28.3.3
[2025-08-12 16:37:10] [INFO] Docker服务运行正常
[2025-08-12 16:37:10] [INFO] Docker Compose已安装: v2.39.2
[2025-08-12 16:37:10] [INFO] Python3已安装: 3.12.3
[2025-08-12 16:37:10] [INFO] pip已安装
[2025-08-12 16:37:10] [INFO] curl 已安装
[2025-08-12 16:37:10] [INFO] jq 已安装
[2025-08-12 16:37:10] [INFO] lsof 已安装
[2025-08-12 16:37:10] [INFO] ps 已安装
[2025-08-12 16:37:10] [INFO] 文件检查: docker-compose.yml 存在
[2025-08-12 16:37:10] [INFO] 文件检查: src/apis/security_api.py 存在
[2025-08-12 16:37:10] [INFO] 文件检查: requirements.txt 存在
[2025-08-12 16:37:10] [WARN] 系统内存: 7GB (建议至少8GB)
[2025-08-12 16:37:10] [WARN] 可用内存: 2GB (建议至少4GB)
[2025-08-12 16:37:10] [WARN] 可用磁盘空间: 20GB (建议至少50GB)
[2025-08-12 16:37:11] [WARN] 已占用端口: 8000 5601 7474 8123 9200 6379 2181 5115
[2025-08-12 16:37:11] [INFO] 检查端口占用进程...
[2025-08-12 16:37:11] [INFO] 端口 8000 被用户进程占用，可以终止
[2025-08-12 16:37:11] [INFO] 端口 5601 被用户进程占用，可以终止
[2025-08-12 16:37:12] [INFO] 端口 7474 被用户进程占用，可以终止
[2025-08-12 16:37:12] [INFO] 端口 8123 被用户进程占用，可以终止
[2025-08-12 16:37:12] [INFO] 端口 9200 被用户进程占用，可以终止
[2025-08-12 16:37:12] [INFO] 端口 6379 被用户进程占用，可以终止
[2025-08-12 16:37:12] [INFO] 端口 2181 被用户进程占用，可以终止
[2025-08-12 16:37:12] [INFO] 端口 5115 被用户进程占用，可以终止
[2025-08-12 16:37:13] [INFO] 停止端口 8000 上的进程 python3 (PID: 130942)
[2025-08-12 16:37:14] [INFO] 停止端口 5601 上的进程 docker-proxy (PID: 1044887)
[2025-08-12 16:37:15] [INFO] 停止端口 5601 上的进程 docker-proxy (PID: 1044903)
[2025-08-12 16:37:16] [INFO] 停止端口 7474 上的进程 docker-proxy (PID: 1044391)
[2025-08-12 16:37:17] [INFO] 停止端口 7474 上的进程 docker-proxy (PID: 1044400)
[2025-08-12 16:37:18] [INFO] 停止端口 8123 上的进程 docker-proxy (PID: 1044541)
[2025-08-12 16:37:19] [INFO] 停止端口 8123 上的进程 docker-proxy (PID: 1044550)
[2025-08-12 16:37:20] [INFO] 停止端口 9200 上的进程 docker-proxy (PID: 1044263)
[2025-08-12 16:37:21] [INFO] 停止端口 9200 上的进程 docker-proxy (PID: 1044272)
[2025-08-12 16:37:22] [INFO] 停止端口 6379 上的进程 redis-server (PID: 130059)
[2025-08-12 16:37:24] [INFO] 停止端口 2181 上的进程 docker-proxy (PID: 1044638)
[2025-08-12 16:37:25] [INFO] 停止端口 2181 上的进程 docker-proxy (PID: 1044656)
[2025-08-12 16:37:26] [INFO] 停止端口 5115 上的进程 ss-server (PID: 1041978)
[2025-08-12 16:37:27] [INFO] 停止端口 5115 上的进程 python (PID: 1052519)
[2025-08-12 16:37:30] [WARN] 未在虚拟环境中运行
[2025-08-12 16:37:30] [INFO] 激活虚拟环境...
[2025-08-12 16:37:30] [INFO] 虚拟环境已激活: /root/codes/security-platform/venv
[2025-08-12 16:37:30] [INFO] 安装Python依赖...
[2025-08-12 16:37:30] [INFO] 使用虚拟环境pip: /root/codes/security-platform/venv/bin/pip
[2025-08-12 16:37:35] [INFO] Python依赖安装完成
[2025-08-12 16:37:35] [INFO] 设置演示环境...
[2025-08-12 16:37:35] [INFO] 演示环境已准备
[2025-08-12 16:37:35] [INFO] 环境配置完成
[2025-08-12 16:37:35] [INFO] 检查Docker服务状态...
[2025-08-12 16:37:35] [INFO] 检测到 1/11 个服务正在运行
[2025-08-12 16:37:35] [INFO] 部分服务正在运行，将补充启动缺失的服务
[2025-08-12 16:37:35] [INFO] 检查Docker镜像...
[2025-08-12 16:37:36] [INFO] 所有Docker镜像已准备就绪 (10/10)
[2025-08-12 16:37:36] [INFO] 所有Docker镜像已准备就绪
[2025-08-12 16:37:36] [INFO] 启动Docker Compose服务...
[2025-08-12 16:37:36] [WARN] Docker服务启动失败，第 1 次重试...
[2025-08-12 16:37:39] [ERROR] Docker服务启动失败，已尝试 2 次
[2025-08-12 16:37:39] [INFO] 最后一次错误详情:
[2025-08-12 16:37:39] [INFO] 尝试启动核心服务...
[2025-08-12 16:37:39] [INFO] 启动 elasticsearch...
[2025-08-12 16:37:39] [WARN] elasticsearch 启动失败
[2025-08-12 16:37:39] [INFO] 启动 redis...
[2025-08-12 16:37:39] [WARN] redis 启动失败
[2025-08-12 16:37:39] [INFO] 启动 mysql...
[2025-08-12 16:37:40] [WARN] mysql 启动失败
[2025-08-12 16:37:40] [INFO] 启动 neo4j...
[2025-08-12 16:37:40] [WARN] neo4j 启动失败
[2025-08-12 16:37:40] [ERROR] 基础设施启动失败
[2025-08-12 16:37:40] [ERROR] 基础设施启动失败
[2025-08-12 16:37:40] [ERROR] 系统启动失败，请检查错误信息
[2025-08-12 16:37:40] [INFO] 清理临时文件...
