[2025-08-12 16:39:11] [INFO] 开始全量启动安全告警分析系统...
[2025-08-12 16:39:11] [INFO] 启动完整安全分析系统...
[2025-08-12 16:39:11] [INFO] 操作系统: Linux
[2025-08-12 16:39:11] [INFO] Docker已安装: 28.3.3
[2025-08-12 16:39:11] [INFO] Docker服务运行正常
[2025-08-12 16:39:11] [INFO] Docker Compose已安装: v2.39.2
[2025-08-12 16:39:11] [INFO] Python3已安装: 3.12.3
[2025-08-12 16:39:11] [INFO] pip已安装
[2025-08-12 16:39:11] [INFO] curl 已安装
[2025-08-12 16:39:11] [INFO] jq 已安装
[2025-08-12 16:39:11] [INFO] lsof 已安装
[2025-08-12 16:39:11] [INFO] ps 已安装
[2025-08-12 16:39:11] [INFO] 文件检查: docker-compose.yml 存在
[2025-08-12 16:39:11] [INFO] 文件检查: src/apis/security_api.py 存在
[2025-08-12 16:39:11] [INFO] 文件检查: requirements.txt 存在
[2025-08-12 16:39:11] [WARN] 系统内存: 7GB (建议至少8GB)
[2025-08-12 16:39:11] [INFO] 可用内存: 6GB
[2025-08-12 16:39:11] [WARN] 可用磁盘空间: 20GB (建议至少50GB)
[2025-08-12 16:39:12] [WARN] 已占用端口: 6379
[2025-08-12 16:39:12] [INFO] 检查端口占用进程...
[2025-08-12 16:39:12] [INFO] 端口 6379 被用户进程占用，可以终止
[2025-08-12 16:39:12] [INFO] 停止端口 6379 上的进程 redis-server (PID: 1352547)
[2025-08-12 16:39:15] [WARN] 未在虚拟环境中运行
[2025-08-12 16:39:15] [INFO] 激活虚拟环境...
[2025-08-12 16:39:15] [INFO] 虚拟环境已激活: /root/codes/security-platform/venv
[2025-08-12 16:39:15] [INFO] 安装Python依赖...
[2025-08-12 16:39:15] [INFO] 使用虚拟环境pip: /root/codes/security-platform/venv/bin/pip
[2025-08-12 16:39:20] [INFO] Python依赖安装完成
[2025-08-12 16:39:20] [INFO] 设置演示环境...
[2025-08-12 16:39:20] [INFO] 演示环境已准备
[2025-08-12 16:39:20] [INFO] 环境配置完成
[2025-08-12 16:39:20] [INFO] 检查Docker服务状态...
[2025-08-12 16:39:20] [INFO] 检测到 1/11 个服务正在运行
[2025-08-12 16:39:20] [INFO] 部分服务正在运行，将补充启动缺失的服务
[2025-08-12 16:39:20] [INFO] 检查Docker镜像...
[2025-08-12 16:39:21] [INFO] 所有Docker镜像已准备就绪 (10/10)
[2025-08-12 16:39:21] [INFO] 所有Docker镜像已准备就绪
[2025-08-12 16:39:21] [INFO] 启动Docker Compose服务...
[2025-08-12 16:39:24] [INFO] Docker服务启动命令执行成功
[2025-08-12 16:39:24] [INFO] 等待服务启动完成...
[2025-08-12 16:39:49] [INFO] 检查服务状态...
[2025-08-12 16:39:50] [INFO] zookeeper 服务运行正常
[2025-08-12 16:39:50] [INFO] kafka 服务运行正常
[2025-08-12 16:39:50] [INFO] elasticsearch 服务运行正常
[2025-08-12 16:39:50] [INFO] kibana 服务运行正常
[2025-08-12 16:39:50] [INFO] neo4j 服务运行正常
[2025-08-12 16:39:51] [INFO] clickhouse 服务运行正常
[2025-08-12 16:39:51] [INFO] mysql 服务运行正常
[2025-08-12 16:39:51] [INFO] redis 服务运行正常
[2025-08-12 16:39:51] [INFO] flink-jobmanager 服务运行正常
[2025-08-12 16:39:52] [INFO] flink-taskmanager 服务运行正常
[2025-08-12 16:39:52] [ERROR] kafka-ui 服务启动失败
[2025-08-12 16:39:52] [WARN] 部分服务启动失败: kafka-ui
[2025-08-12 16:39:52] [INFO] 系统将继续启动，但功能可能受限
[2025-08-12 16:39:52] [INFO] 等待服务就绪...
[2025-08-12 16:40:07] [INFO] 配置 Elasticsearch...
[2025-08-12 16:40:42] [INFO] Elasticsearch 配置完成
[2025-08-12 16:40:42] [INFO] 配置 Neo4j...
[2025-08-12 16:40:48] [INFO] Neo4j 配置完成
[2025-08-12 16:40:48] [INFO] 配置 ClickHouse...
[2025-08-12 16:40:49] [INFO] ClickHouse 配置完成
[2025-08-12 16:40:49] [INFO] 配置 Kafka...
[2025-08-12 17:24:33] [WARN] Kafka 配置失败，查看 /root/codes/security-platform/logs/setup_kafka.log
[2025-08-12 17:24:33] [INFO] 配置 Kibana...
[2025-08-12 17:24:40] [INFO] Kibana 配置完成
[2025-08-12 17:24:40] [INFO] 服务配置完成
[2025-08-12 17:24:40] [INFO] 运行系统验证测试...
[2025-08-12 17:24:42] [INFO] 系统验证测试通过
[2025-08-12 17:24:42] [INFO] 启动FastAPI服务...
[2025-08-12 17:24:42] [INFO] 等待API服务启动...
[2025-08-12 17:24:44] [INFO] API服务启动成功 (PID: 1376280)
[2025-08-12 17:24:44] [INFO] 准备演示数据...
[2025-08-12 17:24:44] [INFO] 演示配置已生成
[2025-08-12 17:24:44] [INFO] 启动Web演示管理界面...
[2025-08-12 17:24:44] [INFO] 演示界面已启动 (PID: 1376309)
[2025-08-12 17:24:46] [INFO] 演示界面已就绪
[2025-08-12 17:24:46] [INFO] 检查Docker服务健康状态...
[2025-08-12 17:24:46] [WARN] zookeeper: 不健康 (zookeeper)
[2025-08-12 17:24:46] [WARN] kafka: 不健康 (kafka)
[2025-08-12 17:24:46] [WARN] elasticsearch: 不健康 (--)
[2025-08-12 17:24:46] [WARN] kibana: 不健康 (--)
[2025-08-12 17:24:47] [WARN] neo4j: 不健康 (-g)
[2025-08-12 17:24:47] [WARN] clickhouse: 不健康 (clickhouse)
[2025-08-12 17:24:47] [WARN] mysql: 不健康 (mysql)
[2025-08-12 17:24:47] [WARN] redis: 不健康 (redis)
[2025-08-12 17:24:47] [WARN] flink-jobmanager: 不健康 (flink-jobmanager)
[2025-08-12 17:24:47] [WARN] flink-taskmanager: 不健康 (flink-taskmanager)
[2025-08-12 17:24:47] [WARN] kafka-ui: 不健康 (-c)
[2025-08-12 17:24:47] [INFO] 执行HTTP健康检查...
[2025-08-12 17:24:47] [INFO] API服务: HTTP检查通过
[2025-08-12 17:24:47] [INFO] Elasticsearch: HTTP检查通过
[2025-08-12 17:24:47] [INFO] Kibana: HTTP检查通过
[2025-08-12 17:24:47] [INFO] Neo4j: HTTP检查通过
[2025-08-12 17:24:47] [INFO] ClickHouse: HTTP检查通过
[2025-08-12 17:24:48] [INFO] Kafka UI: HTTP检查通过
[2025-08-12 17:24:48] [INFO] Web演示界面: HTTP检查通过
[2025-08-12 17:24:48] [WARN] 部分健康检查失败: zookeeper kafka elasticsearch kibana neo4j clickhouse mysql redis flink-jobmanager flink-taskmanager kafka-ui
[2025-08-12 17:24:48] [INFO] 创建监控面板...
[2025-08-12 17:24:48] [INFO] 监控面板创建完成: /root/codes/security-platform/monitoring_dashboard.html
[2025-08-12 17:24:48] [INFO] 创建管理脚本...
[2025-08-12 17:24:48] [INFO] 停止脚本创建完成: stop_all.sh
[2025-08-12 17:24:48] [SUCCESS] 统一全量系统启动完成
[2025-08-13 10:28:12] [INFO] 清理临时文件...
