[2025-08-05 21:47:24] [INFO] 开始全量启动安全告警分析系统...
[2025-08-05 21:47:24] [INFO] 启动完整安全分析系统...
[2025-08-05 21:47:24] [INFO] 操作系统: macOS
[2025-08-05 21:47:24] [INFO] Docker已安装: 28.2.2
[2025-08-05 21:47:24] [INFO] Docker服务运行正常
[2025-08-05 21:47:24] [INFO] Docker Compose已安装: v2.36.2
[2025-08-05 21:47:24] [INFO] Python3已安装: 3.13.5
[2025-08-05 21:47:24] [INFO] pip已安装
[2025-08-05 21:47:24] [INFO] curl 已安装
[2025-08-05 21:47:24] [INFO] jq 已安装
[2025-08-05 21:47:24] [INFO] lsof 已安装
[2025-08-05 21:47:24] [INFO] ps 已安装
[2025-08-05 21:47:24] [INFO] 文件检查: docker-compose.yml 存在
[2025-08-05 21:47:24] [INFO] 文件检查: src/apis/security_api.py 存在
[2025-08-05 21:47:24] [INFO] 文件检查: requirements.txt 存在
[2025-08-05 21:47:24] [INFO] 系统内存: 192GB
[2025-08-05 21:47:24] [INFO] 可用内存: 13GB
[2025-08-05 21:47:24] [INFO] 可用磁盘空间: 3000GB
[2025-08-05 21:47:25] [WARN] 已占用端口: 7474 8123 9200 6379 3306 9092 2181 5115
[2025-08-05 21:47:25] [INFO] 将尝试停止冲突进程...
[2025-08-05 21:47:25] [INFO] 停止端口 7474 上的进程 (PID: 50192)
[2025-08-05 21:47:25] [INFO] 停止端口 6379 上的进程 (PID: 47405)
[2025-08-05 21:47:25] [INFO] 停止端口 3306 上的进程 (PID: 47458)
[2025-08-05 21:47:25] [INFO] 停止端口 5115 上的进程 (PID: 7545
63273)
[2025-08-05 21:47:27] [WARN] 未在虚拟环境中运行
[2025-08-05 21:47:27] [INFO] 激活虚拟环境...
[2025-08-05 21:47:27] [INFO] 虚拟环境已激活: /Users/brunogao/work/tools/security-platform/venv
[2025-08-05 21:47:27] [INFO] 安装Python依赖...
[2025-08-05 21:47:27] [INFO] 使用虚拟环境pip: /Users/brunogao/work/tools/security-platform/venv/bin/pip
[2025-08-05 21:47:28] [INFO] Python依赖安装完成
[2025-08-05 21:47:28] [INFO] 设置演示环境...
[2025-08-05 21:47:28] [INFO] 演示环境已准备
[2025-08-05 21:47:28] [INFO] 环境配置完成
[2025-08-05 21:47:28] [INFO] 检查Docker服务状态...
[2025-08-05 21:47:28] [INFO] 没有检测到运行中的服务，将启动所有服务
[2025-08-05 21:47:28] [INFO] 检查Docker镜像...
[2025-08-05 21:47:28] [WARN] 缺少 10 个镜像，建议先运行 ./temp_pull_images.sh
[2025-08-05 21:47:28] [WARN] 缺少 10 个镜像
[2025-08-05 21:47:28] [INFO] 启动Docker Compose服务...
[2025-08-05 21:47:28] [WARN] Docker服务启动失败，第 1 次重试...
[2025-08-05 21:47:31] [ERROR] Docker服务启动失败，已尝试 2 次
[2025-08-05 21:47:31] [INFO] 最后一次错误详情:
[2025-08-05 21:47:31] [INFO] 尝试启动核心服务...
[2025-08-05 21:47:31] [INFO] 启动 elasticsearch...
[2025-08-05 21:47:31] [WARN] elasticsearch 启动失败
[2025-08-05 21:47:31] [INFO] 启动 redis...
[2025-08-05 21:47:31] [WARN] redis 启动失败
[2025-08-05 21:47:31] [INFO] 启动 mysql...
[2025-08-05 21:47:31] [WARN] mysql 启动失败
[2025-08-05 21:47:31] [INFO] 启动 neo4j...
[2025-08-05 21:47:31] [WARN] neo4j 启动失败
[2025-08-05 21:47:31] [ERROR] 基础设施启动失败
[2025-08-05 21:47:31] [ERROR] 基础设施启动失败
[2025-08-05 21:47:31] [ERROR] 系统启动失败，请检查错误信息
[2025-08-05 21:47:31] [INFO] 清理临时文件...
