[2025-08-05 20:37:59] [INFO] 开始全量启动安全告警分析系统...
[2025-08-05 20:37:59] [INFO] 启动完整安全分析系统...
[2025-08-05 20:37:59] [INFO] 操作系统: macOS
[2025-08-05 20:37:59] [INFO] Docker已安装: 28.2.2
[2025-08-05 20:37:59] [INFO] Docker服务运行正常
[2025-08-05 20:37:59] [INFO] Docker Compose已安装: v2.36.2
[2025-08-05 20:37:59] [INFO] Python3已安装: 3.13.5
[2025-08-05 20:37:59] [INFO] pip已安装
[2025-08-05 20:37:59] [INFO] curl 已安装
[2025-08-05 20:37:59] [INFO] jq 已安装
[2025-08-05 20:37:59] [INFO] lsof 已安装
[2025-08-05 20:37:59] [INFO] ps 已安装
[2025-08-05 20:37:59] [INFO] 文件检查: docker-compose.yml 存在
[2025-08-05 20:37:59] [INFO] 文件检查: src/apis/security_api.py 存在
[2025-08-05 20:37:59] [INFO] 文件检查: requirements.txt 存在
[2025-08-05 20:37:59] [INFO] 系统内存: 192GB
[2025-08-05 20:37:59] [INFO] 可用内存: 14GB
[2025-08-05 20:37:59] [INFO] 可用磁盘空间: 3000GB
[2025-08-05 20:38:00] [WARN] 已占用端口: 6379 3306 5115
[2025-08-05 20:38:00] [INFO] 将尝试停止冲突进程...
[2025-08-05 20:38:00] [INFO] 停止端口 6379 上的进程 (PID: 12529
13602)
[2025-08-05 20:38:00] [INFO] 停止端口 3306 上的进程 (PID: 13602
75058)
[2025-08-05 20:38:00] [INFO] 停止端口 5115 上的进程 (PID: 7545
12389)
[2025-08-05 20:38:02] [WARN] 未在虚拟环境中运行
[2025-08-05 20:38:02] [INFO] 激活虚拟环境...
[2025-08-05 20:38:02] [INFO] 虚拟环境已激活: /Users/brunogao/work/tools/security-platform/venv
[2025-08-05 20:38:02] [INFO] 安装Python依赖...
[2025-08-05 20:38:02] [INFO] 使用虚拟环境pip: /Users/brunogao/work/tools/security-platform/venv/bin/pip
[2025-08-05 20:38:03] [INFO] Python依赖安装完成
[2025-08-05 20:38:03] [INFO] 设置演示环境...
[2025-08-05 20:38:03] [INFO] 演示环境已准备
[2025-08-05 20:38:03] [INFO] 环境配置完成
[2025-08-05 20:38:03] [INFO] 拉取Docker镜像...
[2025-08-05 20:38:20] [WARN] 部分镜像拉取失败，将使用现有镜像启动服务
[2025-08-05 20:38:20] [INFO] 镜像拉取日志: /Users/brunogao/work/tools/security-platform/logs/docker_pull.log
[2025-08-05 20:38:20] [INFO] 启动Docker Compose服务...
[2025-08-05 20:38:51] [WARN] Docker服务启动失败，第 1 次重试...
[2025-08-05 20:39:39] [WARN] Docker服务启动失败，第 2 次重试...
[2025-08-05 20:40:04] [ERROR] Docker服务启动失败，已尝试 3 次
[2025-08-05 20:40:04] [INFO] 最后一次错误详情:
[2025-08-05 20:40:04] [INFO] 尝试启动核心服务...
[2025-08-05 20:40:04] [ERROR] 基础设施启动失败
[2025-08-05 20:40:04] [ERROR] 系统启动失败，请检查错误信息
[2025-08-05 20:40:04] [INFO] 清理临时文件...
