[2025-08-05 19:54:16] [INFO] 开始全量启动安全告警分析系统...
[2025-08-05 19:54:16] [INFO] 启动完整安全分析系统...
[2025-08-05 19:54:16] [INFO] 操作系统: macOS
[2025-08-05 19:54:16] [INFO] Docker已安装: 28.2.2
[2025-08-05 19:54:16] [INFO] Docker服务运行正常
[2025-08-05 19:54:16] [INFO] Docker Compose已安装: v2.36.2
[2025-08-05 19:54:16] [INFO] Python3已安装: 3.13.5
[2025-08-05 19:54:16] [INFO] pip已安装
[2025-08-05 19:54:16] [INFO] curl 已安装
[2025-08-05 19:54:16] [INFO] jq 已安装
[2025-08-05 19:54:16] [INFO] lsof 已安装
[2025-08-05 19:54:16] [INFO] ps 已安装
[2025-08-05 19:54:16] [INFO] 文件检查: docker-compose.yml 存在
[2025-08-05 19:54:16] [INFO] 文件检查: src/apis/security_api.py 存在
[2025-08-05 19:54:16] [INFO] 文件检查: requirements.txt 存在
[2025-08-05 19:54:16] [INFO] 系统内存: 192GB
[2025-08-05 19:54:16] [INFO] 可用内存: 15GB
[2025-08-05 19:54:16] [INFO] 可用磁盘空间: 3000GB
[2025-08-05 19:54:17] [WARN] 已占用端口: 6379 3306 5115
[2025-08-05 19:54:17] [INFO] 将尝试停止冲突进程...
[2025-08-05 19:54:17] [INFO] 停止端口 6379 上的进程 (PID: 12529
13602)
[2025-08-05 19:54:17] [INFO] 停止端口 3306 上的进程 (PID: 13602
75058)
[2025-08-05 19:54:17] [INFO] 停止端口 5115 上的进程 (PID: 7545
12389)
[2025-08-05 19:54:19] [WARN] 未在虚拟环境中运行
[2025-08-05 19:54:19] [INFO] 建议创建虚拟环境: python3 -m venv venv && source venv/bin/activate
[2025-08-05 19:54:29] [INFO] 激活虚拟环境...
[2025-08-05 19:54:29] [INFO] 虚拟环境已激活: /Users/brunogao/work/tools/security-platform/venv
[2025-08-05 19:54:29] [INFO] 安装Python依赖...
[2025-08-05 19:54:29] [ERROR] Python依赖安装失败，查看 /Users/brunogao/work/tools/security-platform/logs/pip_install.log
[2025-08-05 19:54:29] [ERROR] 环境配置失败
[2025-08-05 19:54:29] [ERROR] 系统启动失败，请检查错误信息
[2025-08-05 19:54:29] [INFO] 清理临时文件...
