[2025-08-05 19:57:15] [INFO] 开始全量启动安全告警分析系统...
[2025-08-05 19:57:15] [INFO] 启动完整安全分析系统...
[2025-08-05 19:57:15] [INFO] 操作系统: macOS
[2025-08-05 19:57:15] [INFO] Docker已安装: 28.2.2
[2025-08-05 19:57:15] [INFO] Docker服务运行正常
[2025-08-05 19:57:15] [INFO] Docker Compose已安装: v2.36.2
[2025-08-05 19:57:15] [INFO] Python3已安装: 3.13.5
[2025-08-05 19:57:15] [INFO] pip已安装
[2025-08-05 19:57:15] [INFO] curl 已安装
[2025-08-05 19:57:15] [INFO] jq 已安装
[2025-08-05 19:57:15] [INFO] lsof 已安装
[2025-08-05 19:57:15] [INFO] ps 已安装
[2025-08-05 19:57:15] [INFO] 文件检查: docker-compose.yml 存在
[2025-08-05 19:57:15] [INFO] 文件检查: src/apis/security_api.py 存在
[2025-08-05 19:57:15] [INFO] 文件检查: requirements.txt 存在
[2025-08-05 19:57:15] [INFO] 系统内存: 192GB
[2025-08-05 19:57:15] [INFO] 可用内存: 15GB
[2025-08-05 19:57:15] [INFO] 可用磁盘空间: 3000GB
[2025-08-05 19:57:16] [WARN] 已占用端口: 6379 3306 5115
[2025-08-05 19:57:16] [INFO] 将尝试停止冲突进程...
[2025-08-05 19:57:16] [INFO] 停止端口 6379 上的进程 (PID: 12529
13602)
[2025-08-05 19:57:16] [INFO] 停止端口 3306 上的进程 (PID: 13602
75058)
[2025-08-05 19:57:16] [INFO] 停止端口 5115 上的进程 (PID: 7545
12389)
[2025-08-05 19:57:18] [WARN] 未在虚拟环境中运行
[2025-08-05 19:57:18] [INFO] 创建虚拟环境...
[2025-08-05 19:57:19] [INFO] 激活虚拟环境...
[2025-08-05 19:57:19] [INFO] 虚拟环境已激活: /Users/brunogao/work/tools/security-platform/venv
[2025-08-05 19:57:19] [INFO] 安装Python依赖...
[2025-08-05 19:57:19] [INFO] 使用虚拟环境pip: /Users/brunogao/work/tools/security-platform/venv/bin/pip
[2025-08-05 19:57:45] [INFO] Python依赖安装完成
[2025-08-05 19:57:45] [INFO] 设置演示环境...
[2025-08-05 19:57:45] [INFO] 演示环境已准备
[2025-08-05 19:57:45] [INFO] 环境配置完成
[2025-08-05 19:57:45] [INFO] 拉取Docker镜像...
[2025-08-05 19:58:18] [INFO] 启动Docker Compose服务...
[2025-08-05 19:58:49] [ERROR] Docker服务启动失败，查看 /Users/brunogao/work/tools/security-platform/logs/docker_up.log
[2025-08-05 19:58:49] [ERROR] 基础设施启动失败
[2025-08-05 19:58:49] [ERROR] 系统启动失败，请检查错误信息
[2025-08-05 19:58:49] [INFO] 清理临时文件...
