[2025-08-05 21:58:14] [INFO] 开始全量启动安全告警分析系统...
[2025-08-05 21:58:14] [INFO] 启动完整安全分析系统...
[2025-08-05 21:58:14] [INFO] 操作系统: macOS
[2025-08-05 21:58:14] [INFO] Docker已安装: 28.2.2
[2025-08-05 21:58:14] [INFO] Docker服务运行正常
[2025-08-05 21:58:14] [INFO] Docker Compose已安装: v2.36.2
[2025-08-05 21:58:14] [INFO] Python3已安装: 3.13.5
[2025-08-05 21:58:14] [INFO] pip已安装
[2025-08-05 21:58:14] [INFO] curl 已安装
[2025-08-05 21:58:14] [INFO] jq 已安装
[2025-08-05 21:58:14] [INFO] lsof 已安装
[2025-08-05 21:58:14] [INFO] ps 已安装
[2025-08-05 21:58:14] [INFO] 文件检查: docker-compose.yml 存在
[2025-08-05 21:58:14] [INFO] 文件检查: src/apis/security_api.py 存在
[2025-08-05 21:58:14] [INFO] 文件检查: requirements.txt 存在
[2025-08-05 21:58:14] [INFO] 系统内存: 192GB
[2025-08-05 21:58:14] [INFO] 可用内存: 12GB
[2025-08-05 21:58:14] [INFO] 可用磁盘空间: 3000GB
[2025-08-05 21:58:15] [WARN] 已占用端口: 5601 7474 8123 9200 6379 3306 9092 2181
[2025-08-05 21:58:15] [INFO] 检查端口占用进程...
[2025-08-05 21:58:15] [INFO] 端口 5601 被系统进程占用 (/Applications/OrbStack.app/Contents/Frameworks/OrbStack Helper.app/Contents/MacOS/OrbStack Helper PID:82555)，保持运行
[2025-08-05 21:58:15] [INFO] 端口 7474 被系统进程占用 (/Applications/OrbStack.app/Contents/Frameworks/OrbStack Helper.app/Contents/MacOS/OrbStack Helper PID:82555)，保持运行
[2025-08-05 21:58:15] [INFO] 端口 8123 被系统进程占用 (/Applications/OrbStack.app/Contents/Frameworks/OrbStack Helper.app/Contents/MacOS/OrbStack Helper PID:82555)，保持运行
[2025-08-05 21:58:15] [INFO] 端口 9200 被系统进程占用 (/Applications/OrbStack.app/Contents/Frameworks/OrbStack Helper.app/Contents/MacOS/OrbStack Helper PID:82555)，保持运行
[2025-08-05 21:58:15] [INFO] 端口 6379 被系统进程占用 (/Applications/OrbStack.app/Contents/Frameworks/OrbStack Helper.app/Contents/MacOS/OrbStack Helper PID:82555)，保持运行
[2025-08-05 21:58:15] [INFO] 端口 3306 被系统进程占用 (/Applications/OrbStack.app/Contents/Frameworks/OrbStack Helper.app/Contents/MacOS/OrbStack Helper PID:82555)，保持运行
[2025-08-05 21:58:15] [INFO] 端口 9092 被系统进程占用 (/Applications/OrbStack.app/Contents/Frameworks/OrbStack Helper.app/Contents/MacOS/OrbStack Helper PID:82555)，保持运行
[2025-08-05 21:58:15] [INFO] 端口 2181 被系统进程占用 (/Applications/OrbStack.app/Contents/Frameworks/OrbStack Helper.app/Contents/MacOS/OrbStack Helper PID:82555)，保持运行
[2025-08-05 21:58:15] [WARN] 系统端口 5601 7474 8123 9200 6379 3306 9092 2181 被占用，将使用不同端口启动服务
[2025-08-05 21:58:17] [WARN] 未在虚拟环境中运行
[2025-08-05 21:58:17] [INFO] 激活虚拟环境...
[2025-08-05 21:58:17] [INFO] 虚拟环境已激活: /Users/brunogao/work/tools/security-platform/venv
[2025-08-05 21:58:17] [INFO] 安装Python依赖...
[2025-08-05 21:58:17] [INFO] 使用虚拟环境pip: /Users/brunogao/work/tools/security-platform/venv/bin/pip
[2025-08-05 21:58:18] [INFO] Python依赖安装完成
[2025-08-05 21:58:18] [INFO] 设置演示环境...
[2025-08-05 21:58:18] [INFO] 演示环境已准备
[2025-08-05 21:58:18] [INFO] 环境配置完成
[2025-08-05 21:58:18] [INFO] 检查Docker服务状态...
[2025-08-05 21:58:18] [INFO] 检测到 11/11 个服务正在运行
[2025-08-05 21:58:18] [INFO] 所有服务已经在运行，跳过启动步骤
[2025-08-05 21:58:18] [INFO] 所有服务已经在运行
[2025-08-05 21:58:18] [INFO] 等待服务就绪...
[2025-08-05 21:58:33] [INFO] 配置 Elasticsearch...
[2025-08-05 21:58:33] [INFO] 清理临时文件...
