[2025-08-05 21:42:12] [INFO] 开始全量启动安全告警分析系统...
[2025-08-05 21:42:12] [INFO] 启动完整安全分析系统...
[2025-08-05 21:42:12] [INFO] 操作系统: macOS
[2025-08-05 21:42:12] [INFO] Docker已安装: 28.2.2
[2025-08-05 21:42:12] [INFO] Docker服务运行正常
[2025-08-05 21:42:12] [INFO] Docker Compose已安装: v2.36.2
[2025-08-05 21:42:12] [INFO] Python3已安装: 3.13.5
[2025-08-05 21:42:12] [INFO] pip已安装
[2025-08-05 21:42:12] [INFO] curl 已安装
[2025-08-05 21:42:12] [INFO] jq 已安装
[2025-08-05 21:42:12] [INFO] lsof 已安装
[2025-08-05 21:42:12] [INFO] ps 已安装
[2025-08-05 21:42:12] [INFO] 文件检查: docker-compose.yml 存在
[2025-08-05 21:42:12] [INFO] 文件检查: src/apis/security_api.py 存在
[2025-08-05 21:42:12] [INFO] 文件检查: requirements.txt 存在
[2025-08-05 21:42:12] [INFO] 系统内存: 192GB
[2025-08-05 21:42:12] [INFO] 可用内存: 13GB
[2025-08-05 21:42:12] [INFO] 可用磁盘空间: 3000GB
[2025-08-05 21:42:13] [WARN] 已占用端口: 6379 3306 5115
[2025-08-05 21:42:13] [INFO] 将尝试停止冲突进程...
[2025-08-05 21:42:13] [INFO] 停止端口 6379 上的进程 (PID: 47405
50192)
[2025-08-05 21:42:13] [INFO] 停止端口 3306 上的进程 (PID: 47458
50192)
[2025-08-05 21:42:13] [INFO] 停止端口 5115 上的进程 (PID: 7545
12389)
[2025-08-05 21:42:16] [WARN] 未在虚拟环境中运行
[2025-08-05 21:42:16] [INFO] 激活虚拟环境...
[2025-08-05 21:42:16] [INFO] 虚拟环境已激活: /Users/brunogao/work/tools/security-platform/venv
[2025-08-05 21:42:16] [INFO] 安装Python依赖...
[2025-08-05 21:42:16] [INFO] 使用虚拟环境pip: /Users/brunogao/work/tools/security-platform/venv/bin/pip
[2025-08-05 21:42:16] [INFO] Python依赖安装完成
[2025-08-05 21:42:16] [INFO] 设置演示环境...
[2025-08-05 21:42:16] [INFO] 演示环境已准备
[2025-08-05 21:42:16] [INFO] 环境配置完成
[2025-08-05 21:42:16] [INFO] 检查Docker服务状态...
[2025-08-05 21:42:16] [INFO] 检测到 1/11 个服务正在运行
[2025-08-05 21:42:16] [INFO] 部分服务正在运行，将补充启动缺失的服务
[2025-08-05 21:42:16] [INFO] 检查Docker镜像...
[2025-08-05 21:42:17] [INFO] 所有Docker镜像已准备就绪 (10/10)
[2025-08-05 21:42:17] [INFO] 所有Docker镜像已准备就绪
[2025-08-05 21:42:17] [INFO] 启动Docker Compose服务...
[2025-08-05 21:42:17] [INFO] Docker服务启动命令执行成功
[2025-08-05 21:42:17] [INFO] 等待服务启动完成...
[2025-08-05 21:44:27] [INFO] 检查服务状态...
[2025-08-05 21:44:27] [INFO] zookeeper 服务运行正常
[2025-08-05 21:44:27] [ERROR] kafka 服务启动失败
[2025-08-05 21:44:27] [ERROR] elasticsearch 服务启动失败
[2025-08-05 21:44:27] [ERROR] kibana 服务启动失败
[2025-08-05 21:44:27] [INFO] neo4j 服务运行正常
[2025-08-05 21:44:27] [ERROR] clickhouse 服务启动失败
[2025-08-05 21:44:27] [ERROR] mysql 服务启动失败
[2025-08-05 21:44:27] [ERROR] redis 服务启动失败
[2025-08-05 21:44:28] [ERROR] flink-jobmanager 服务启动失败
[2025-08-05 21:44:28] [ERROR] flink-taskmanager 服务启动失败
[2025-08-05 21:44:28] [ERROR] kafka-ui 服务启动失败
[2025-08-05 21:44:28] [WARN] 部分服务启动失败: kafka elasticsearch kibana clickhouse mysql redis flink-jobmanager flink-taskmanager kafka-ui
[2025-08-05 21:44:28] [INFO] 系统将继续启动，但功能可能受限
[2025-08-05 21:44:28] [INFO] 等待服务就绪...
[2025-08-05 21:44:43] [INFO] 配置 Elasticsearch...
[2025-08-05 21:44:43] [INFO] 清理临时文件...
