[2025-08-09 09:41:19] [INFO] 开始全量启动安全告警分析系统...
[2025-08-09 09:41:19] [INFO] 启动完整安全分析系统...
[2025-08-09 09:41:19] [INFO] 操作系统: Linux
[2025-08-09 09:41:19] [INFO] Docker已安装: 28.3.3
[2025-08-09 09:41:19] [INFO] Docker服务运行正常
[2025-08-09 09:41:19] [INFO] Docker Compose已安装: v2.39.2
[2025-08-09 09:41:19] [INFO] Python3已安装: 3.12.3
[2025-08-09 09:41:19] [INFO] pip已安装
[2025-08-09 09:41:19] [INFO] curl 已安装
[2025-08-09 09:41:19] [INFO] jq 已安装
[2025-08-09 09:41:19] [INFO] lsof 已安装
[2025-08-09 09:41:19] [INFO] ps 已安装
[2025-08-09 09:41:19] [INFO] 文件检查: docker-compose.yml 存在
[2025-08-09 09:41:19] [INFO] 文件检查: src/apis/security_api.py 存在
[2025-08-09 09:41:19] [INFO] 文件检查: requirements.txt 存在
[2025-08-09 09:41:19] [WARN] 系统内存: 7GB (建议至少8GB)
[2025-08-09 09:41:19] [INFO] 可用内存: 6GB
[2025-08-09 09:41:19] [WARN] 可用磁盘空间: 41GB (建议至少50GB)
[2025-08-09 09:41:20] [WARN] 已占用端口: 6379 3306 9092
[2025-08-09 09:41:20] [INFO] 检查端口占用进程...
[2025-08-09 09:41:20] [INFO] 端口 6379 被用户进程占用，可以终止
[2025-08-09 09:41:20] [INFO] 端口 3306 被用户进程占用，可以终止
[2025-08-09 09:41:20] [INFO] 端口 9092 被用户进程占用，可以终止
[2025-08-09 09:41:20] [INFO] 停止端口 6379 上的进程 redis-server (PID: 40020)
[2025-08-09 09:41:21] [INFO] 停止端口 3306 上的进程 mysqld (PID: 33347)
[2025-08-09 09:41:22] [INFO] 停止端口 9092 上的进程 prometheus (PID: 55884)
[2025-08-09 09:41:23] [INFO] 停止端口 9092 上的进程 outline-ss-serv (PID: 55896)
[2025-08-09 09:41:26] [WARN] 未在虚拟环境中运行
[2025-08-09 09:41:26] [INFO] 创建虚拟环境...
[2025-08-09 09:41:32] [INFO] 激活虚拟环境...
[2025-08-09 09:41:32] [INFO] 虚拟环境已激活: /root/codes/security-platform/venv
[2025-08-09 09:41:32] [INFO] 安装Python依赖...
[2025-08-09 09:41:32] [INFO] 使用虚拟环境pip: /root/codes/security-platform/venv/bin/pip
[2025-08-09 09:42:41] [INFO] Python依赖安装完成
[2025-08-09 09:42:41] [INFO] 设置演示环境...
[2025-08-09 09:42:41] [INFO] 演示环境已准备
[2025-08-09 09:42:41] [INFO] 环境配置完成
[2025-08-09 09:42:41] [INFO] 检查Docker服务状态...
[2025-08-09 09:42:41] [INFO] 检测到 1/11 个服务正在运行
[2025-08-09 09:42:41] [INFO] 部分服务正在运行，将补充启动缺失的服务
[2025-08-09 09:42:41] [INFO] 检查Docker镜像...
[2025-08-09 09:42:41] [WARN] 缺少 10 个镜像，建议先运行 ./temp_pull_images.sh
[2025-08-09 09:42:41] [WARN] 缺少 10 个镜像
[2025-08-09 09:42:41] [INFO] 启动Docker Compose服务...
[2025-08-09 09:47:15] [WARN] Docker服务启动失败，第 1 次重试...
[2025-08-09 09:47:32] [ERROR] Docker服务启动失败，已尝试 2 次
[2025-08-09 09:47:32] [INFO] 最后一次错误详情:
[2025-08-09 09:47:32] [INFO] 尝试启动核心服务...
[2025-08-09 09:47:32] [INFO] 启动 elasticsearch...
[2025-08-09 09:47:32] [INFO] elasticsearch 启动成功
[2025-08-09 09:47:32] [INFO] 启动 redis...
[2025-08-09 09:47:33] [INFO] redis 启动成功
[2025-08-09 09:47:33] [INFO] 启动 mysql...
[2025-08-09 09:47:33] [INFO] mysql 启动成功
[2025-08-09 09:47:33] [INFO] 启动 neo4j...
[2025-08-09 09:47:33] [INFO] neo4j 启动成功
[2025-08-09 09:47:33] [WARN] 已启动 4/4 个核心服务，部分功能可能受限
[2025-08-09 09:47:33] [INFO] 等待服务启动完成...
[2025-08-09 09:50:14] [INFO] 检查服务状态...
[2025-08-09 09:50:14] [INFO] zookeeper 服务运行正常
[2025-08-09 09:50:15] [ERROR] kafka 服务启动失败
[2025-08-09 09:50:15] [INFO] elasticsearch 服务运行正常
[2025-08-09 09:50:15] [INFO] kibana 服务运行正常
[2025-08-09 09:50:15] [INFO] neo4j 服务运行正常
[2025-08-09 09:50:15] [INFO] clickhouse 服务运行正常
[2025-08-09 09:50:15] [INFO] mysql 服务运行正常
[2025-08-09 09:50:15] [INFO] redis 服务运行正常
[2025-08-09 09:50:15] [INFO] flink-jobmanager 服务运行正常
[2025-08-09 09:50:16] [INFO] flink-taskmanager 服务运行正常
[2025-08-09 09:50:16] [ERROR] kafka-ui 服务启动失败
[2025-08-09 09:50:16] [WARN] 部分服务启动失败: kafka kafka-ui
[2025-08-09 09:50:16] [INFO] 系统将继续启动，但功能可能受限
[2025-08-09 09:50:16] [INFO] 等待服务就绪...
[2025-08-09 09:50:31] [INFO] 配置 Elasticsearch...
[2025-08-09 09:50:32] [INFO] Elasticsearch 配置完成
[2025-08-09 09:50:32] [INFO] 配置 Neo4j...
[2025-08-09 09:50:37] [INFO] Neo4j 配置完成
[2025-08-09 09:50:37] [INFO] 配置 ClickHouse...
[2025-08-09 09:50:37] [INFO] ClickHouse 配置完成
[2025-08-09 09:50:37] [INFO] 配置 Kafka...
